Copyright 1986-2019 Xilinx, Inc. All Rights Reserved.
--------------------------------------------------------------------------------------------------------------------------------------------------------------------------
| Tool Version : Vivado v.2019.1 (lin64) Build 2552052 Fri May 24 14:47:09 MDT 2019
| Date         : Fri Jul 17 11:53:30 2020
| Host         : esperanza running 64-bit Ubuntu 18.04.4 LTS
| Command      : report_methodology -file deaf_encoder_methodology_drc_routed.rpt -pb deaf_encoder_methodology_drc_routed.pb -rpx deaf_encoder_methodology_drc_routed.rpx
| Design       : deaf_encoder
| Device       : xc7z020clg484-1
| Speed File   : -1
| Design State : Fully Routed
--------------------------------------------------------------------------------------------------------------------------------------------------------------------------

Report Methodology

Table of Contents
-----------------
1. REPORT SUMMARY
2. REPORT DETAILS

1. REPORT SUMMARY
-----------------
            Netlist: netlist
          Floorplan: design_1
      Design limits: <entire design considered>
             Max violations: <unlimited>
             Violations found: 297
+-----------+------------------+-----------------------------+------------+
| Rule      | Severity         | Description                 | Violations |
+-----------+------------------+-----------------------------+------------+
| TIMING-17 | Critical Warning | Non-clocked sequential cell | 297        |
+-----------+------------------+-----------------------------+------------+

2. REPORT DETAILS
-----------------
TIMING-17#1 Critical Warning
Non-clocked sequential cell  
The clock pin _T_10_reg/C is not reached by a timing clock
Related violations: <none>

TIMING-17#2 Critical Warning
Non-clocked sequential cell  
The clock pin _T_11_reg/C is not reached by a timing clock
Related violations: <none>

TIMING-17#3 Critical Warning
Non-clocked sequential cell  
The clock pin _T_1_reg/C is not reached by a timing clock
Related violations: <none>

TIMING-17#4 Critical Warning
Non-clocked sequential cell  
The clock pin _T_2_reg/C is not reached by a timing clock
Related violations: <none>

TIMING-17#5 Critical Warning
Non-clocked sequential cell  
The clock pin _T_3_reg[0]/C is not reached by a timing clock
Related violations: <none>

TIMING-17#6 Critical Warning
Non-clocked sequential cell  
The clock pin _T_3_reg[1]/C is not reached by a timing clock
Related violations: <none>

TIMING-17#7 Critical Warning
Non-clocked sequential cell  
The clock pin _T_3_reg[2]/C is not reached by a timing clock
Related violations: <none>

TIMING-17#8 Critical Warning
Non-clocked sequential cell  
The clock pin _T_3_reg[3]/C is not reached by a timing clock
Related violations: <none>

TIMING-17#9 Critical Warning
Non-clocked sequential cell  
The clock pin _T_3_reg[4]/C is not reached by a timing clock
Related violations: <none>

TIMING-17#10 Critical Warning
Non-clocked sequential cell  
The clock pin _T_3_reg[5]/C is not reached by a timing clock
Related violations: <none>

TIMING-17#11 Critical Warning
Non-clocked sequential cell  
The clock pin _T_3_reg[6]/C is not reached by a timing clock
Related violations: <none>

TIMING-17#12 Critical Warning
Non-clocked sequential cell  
The clock pin _T_3_reg[7]/C is not reached by a timing clock
Related violations: <none>

TIMING-17#13 Critical Warning
Non-clocked sequential cell  
The clock pin _T_4_reg/C is not reached by a timing clock
Related violations: <none>

TIMING-17#14 Critical Warning
Non-clocked sequential cell  
The clock pin _T_5_reg/C is not reached by a timing clock
Related violations: <none>

TIMING-17#15 Critical Warning
Non-clocked sequential cell  
The clock pin _T_6_reg[0]/C is not reached by a timing clock
Related violations: <none>

TIMING-17#16 Critical Warning
Non-clocked sequential cell  
The clock pin _T_6_reg[1]/C is not reached by a timing clock
Related violations: <none>

TIMING-17#17 Critical Warning
Non-clocked sequential cell  
The clock pin _T_6_reg[2]/C is not reached by a timing clock
Related violations: <none>

TIMING-17#18 Critical Warning
Non-clocked sequential cell  
The clock pin _T_6_reg[3]/C is not reached by a timing clock
Related violations: <none>

TIMING-17#19 Critical Warning
Non-clocked sequential cell  
The clock pin _T_6_reg[4]/C is not reached by a timing clock
Related violations: <none>

TIMING-17#20 Critical Warning
Non-clocked sequential cell  
The clock pin _T_6_reg[5]/C is not reached by a timing clock
Related violations: <none>

TIMING-17#21 Critical Warning
Non-clocked sequential cell  
The clock pin _T_6_reg[6]/C is not reached by a timing clock
Related violations: <none>

TIMING-17#22 Critical Warning
Non-clocked sequential cell  
The clock pin _T_6_reg[7]/C is not reached by a timing clock
Related violations: <none>

TIMING-17#23 Critical Warning
Non-clocked sequential cell  
The clock pin _T_7_reg/C is not reached by a timing clock
Related violations: <none>

TIMING-17#24 Critical Warning
Non-clocked sequential cell  
The clock pin _T_8_reg/C is not reached by a timing clock
Related violations: <none>

TIMING-17#25 Critical Warning
Non-clocked sequential cell  
The clock pin _T_9_reg[0]/C is not reached by a timing clock
Related violations: <none>

TIMING-17#26 Critical Warning
Non-clocked sequential cell  
The clock pin _T_9_reg[1]/C is not reached by a timing clock
Related violations: <none>

TIMING-17#27 Critical Warning
Non-clocked sequential cell  
The clock pin _T_9_reg[2]/C is not reached by a timing clock
Related violations: <none>

TIMING-17#28 Critical Warning
Non-clocked sequential cell  
The clock pin _T_9_reg[3]/C is not reached by a timing clock
Related violations: <none>

TIMING-17#29 Critical Warning
Non-clocked sequential cell  
The clock pin _T_9_reg[4]/C is not reached by a timing clock
Related violations: <none>

TIMING-17#30 Critical Warning
Non-clocked sequential cell  
The clock pin _T_9_reg[5]/C is not reached by a timing clock
Related violations: <none>

TIMING-17#31 Critical Warning
Non-clocked sequential cell  
The clock pin _T_9_reg[6]/C is not reached by a timing clock
Related violations: <none>

TIMING-17#32 Critical Warning
Non-clocked sequential cell  
The clock pin _T_9_reg[7]/C is not reached by a timing clock
Related violations: <none>

TIMING-17#33 Critical Warning
Non-clocked sequential cell  
The clock pin _T_reg[0]/C is not reached by a timing clock
Related violations: <none>

TIMING-17#34 Critical Warning
Non-clocked sequential cell  
The clock pin _T_reg[1]/C is not reached by a timing clock
Related violations: <none>

TIMING-17#35 Critical Warning
Non-clocked sequential cell  
The clock pin _T_reg[2]/C is not reached by a timing clock
Related violations: <none>

TIMING-17#36 Critical Warning
Non-clocked sequential cell  
The clock pin _T_reg[3]/C is not reached by a timing clock
Related violations: <none>

TIMING-17#37 Critical Warning
Non-clocked sequential cell  
The clock pin _T_reg[4]/C is not reached by a timing clock
Related violations: <none>

TIMING-17#38 Critical Warning
Non-clocked sequential cell  
The clock pin _T_reg[5]/C is not reached by a timing clock
Related violations: <none>

TIMING-17#39 Critical Warning
Non-clocked sequential cell  
The clock pin _T_reg[6]/C is not reached by a timing clock
Related violations: <none>

TIMING-17#40 Critical Warning
Non-clocked sequential cell  
The clock pin _T_reg[7]/C is not reached by a timing clock
Related violations: <none>

TIMING-17#41 Critical Warning
Non-clocked sequential cell  
The clock pin correlator_module/buffer/deq_ptr_value_reg/C is not reached by a timing clock
Related violations: <none>

TIMING-17#42 Critical Warning
Non-clocked sequential cell  
The clock pin correlator_module/buffer/enq_ptr_value_reg/C is not reached by a timing clock
Related violations: <none>

TIMING-17#43 Critical Warning
Non-clocked sequential cell  
The clock pin correlator_module/buffer/maybe_full_reg/C is not reached by a timing clock
Related violations: <none>

TIMING-17#44 Critical Warning
Non-clocked sequential cell  
The clock pin correlator_module/buffer/ram_reg_0_1_0_5/RAMA/CLK is not reached by a timing clock
Related violations: <none>

TIMING-17#45 Critical Warning
Non-clocked sequential cell  
The clock pin correlator_module/buffer/ram_reg_0_1_0_5/RAMA_D1/CLK is not reached by a timing clock
Related violations: <none>

TIMING-17#46 Critical Warning
Non-clocked sequential cell  
The clock pin correlator_module/buffer/ram_reg_0_1_0_5/RAMB/CLK is not reached by a timing clock
Related violations: <none>

TIMING-17#47 Critical Warning
Non-clocked sequential cell  
The clock pin correlator_module/buffer/ram_reg_0_1_0_5/RAMB_D1/CLK is not reached by a timing clock
Related violations: <none>

TIMING-17#48 Critical Warning
Non-clocked sequential cell  
The clock pin correlator_module/buffer/ram_reg_0_1_0_5/RAMC/CLK is not reached by a timing clock
Related violations: <none>

TIMING-17#49 Critical Warning
Non-clocked sequential cell  
The clock pin correlator_module/buffer/ram_reg_0_1_0_5/RAMC_D1/CLK is not reached by a timing clock
Related violations: <none>

TIMING-17#50 Critical Warning
Non-clocked sequential cell  
The clock pin correlator_module/buffer/ram_reg_0_1_0_5/RAMD/CLK is not reached by a timing clock
Related violations: <none>

TIMING-17#51 Critical Warning
Non-clocked sequential cell  
The clock pin correlator_module/buffer/ram_reg_0_1_0_5/RAMD_D1/CLK is not reached by a timing clock
Related violations: <none>

TIMING-17#52 Critical Warning
Non-clocked sequential cell  
The clock pin correlator_module/buffer/ram_reg_0_1_6_7/RAMA/CLK is not reached by a timing clock
Related violations: <none>

TIMING-17#53 Critical Warning
Non-clocked sequential cell  
The clock pin correlator_module/buffer/ram_reg_0_1_6_7/RAMA_D1/CLK is not reached by a timing clock
Related violations: <none>

TIMING-17#54 Critical Warning
Non-clocked sequential cell  
The clock pin correlator_module/buffer/ram_reg_0_1_6_7/RAMB/CLK is not reached by a timing clock
Related violations: <none>

TIMING-17#55 Critical Warning
Non-clocked sequential cell  
The clock pin correlator_module/buffer/ram_reg_0_1_6_7/RAMB_D1/CLK is not reached by a timing clock
Related violations: <none>

TIMING-17#56 Critical Warning
Non-clocked sequential cell  
The clock pin correlator_module/buffer/ram_reg_0_1_6_7/RAMC/CLK is not reached by a timing clock
Related violations: <none>

TIMING-17#57 Critical Warning
Non-clocked sequential cell  
The clock pin correlator_module/buffer/ram_reg_0_1_6_7/RAMC_D1/CLK is not reached by a timing clock
Related violations: <none>

TIMING-17#58 Critical Warning
Non-clocked sequential cell  
The clock pin correlator_module/buffer/ram_reg_0_1_6_7/RAMD/CLK is not reached by a timing clock
Related violations: <none>

TIMING-17#59 Critical Warning
Non-clocked sequential cell  
The clock pin correlator_module/buffer/ram_reg_0_1_6_7/RAMD_D1/CLK is not reached by a timing clock
Related violations: <none>

TIMING-17#60 Critical Warning
Non-clocked sequential cell  
The clock pin diff_encoder_module/buffer/deq_ptr_value_reg[0]/C is not reached by a timing clock
Related violations: <none>

TIMING-17#61 Critical Warning
Non-clocked sequential cell  
The clock pin diff_encoder_module/buffer/deq_ptr_value_reg[10]/C is not reached by a timing clock
Related violations: <none>

TIMING-17#62 Critical Warning
Non-clocked sequential cell  
The clock pin diff_encoder_module/buffer/deq_ptr_value_reg[1]/C is not reached by a timing clock
Related violations: <none>

TIMING-17#63 Critical Warning
Non-clocked sequential cell  
The clock pin diff_encoder_module/buffer/deq_ptr_value_reg[2]/C is not reached by a timing clock
Related violations: <none>

TIMING-17#64 Critical Warning
Non-clocked sequential cell  
The clock pin diff_encoder_module/buffer/deq_ptr_value_reg[3]/C is not reached by a timing clock
Related violations: <none>

TIMING-17#65 Critical Warning
Non-clocked sequential cell  
The clock pin diff_encoder_module/buffer/deq_ptr_value_reg[4]/C is not reached by a timing clock
Related violations: <none>

TIMING-17#66 Critical Warning
Non-clocked sequential cell  
The clock pin diff_encoder_module/buffer/deq_ptr_value_reg[5]/C is not reached by a timing clock
Related violations: <none>

TIMING-17#67 Critical Warning
Non-clocked sequential cell  
The clock pin diff_encoder_module/buffer/deq_ptr_value_reg[6]/C is not reached by a timing clock
Related violations: <none>

TIMING-17#68 Critical Warning
Non-clocked sequential cell  
The clock pin diff_encoder_module/buffer/deq_ptr_value_reg[7]/C is not reached by a timing clock
Related violations: <none>

TIMING-17#69 Critical Warning
Non-clocked sequential cell  
The clock pin diff_encoder_module/buffer/deq_ptr_value_reg[8]/C is not reached by a timing clock
Related violations: <none>

TIMING-17#70 Critical Warning
Non-clocked sequential cell  
The clock pin diff_encoder_module/buffer/deq_ptr_value_reg[9]/C is not reached by a timing clock
Related violations: <none>

TIMING-17#71 Critical Warning
Non-clocked sequential cell  
The clock pin diff_encoder_module/buffer/enq_ptr_value_reg[0]/C is not reached by a timing clock
Related violations: <none>

TIMING-17#72 Critical Warning
Non-clocked sequential cell  
The clock pin diff_encoder_module/buffer/enq_ptr_value_reg[10]/C is not reached by a timing clock
Related violations: <none>

TIMING-17#73 Critical Warning
Non-clocked sequential cell  
The clock pin diff_encoder_module/buffer/enq_ptr_value_reg[1]/C is not reached by a timing clock
Related violations: <none>

TIMING-17#74 Critical Warning
Non-clocked sequential cell  
The clock pin diff_encoder_module/buffer/enq_ptr_value_reg[2]/C is not reached by a timing clock
Related violations: <none>

TIMING-17#75 Critical Warning
Non-clocked sequential cell  
The clock pin diff_encoder_module/buffer/enq_ptr_value_reg[3]/C is not reached by a timing clock
Related violations: <none>

TIMING-17#76 Critical Warning
Non-clocked sequential cell  
The clock pin diff_encoder_module/buffer/enq_ptr_value_reg[4]/C is not reached by a timing clock
Related violations: <none>

TIMING-17#77 Critical Warning
Non-clocked sequential cell  
The clock pin diff_encoder_module/buffer/enq_ptr_value_reg[5]/C is not reached by a timing clock
Related violations: <none>

TIMING-17#78 Critical Warning
Non-clocked sequential cell  
The clock pin diff_encoder_module/buffer/enq_ptr_value_reg[6]/C is not reached by a timing clock
Related violations: <none>

TIMING-17#79 Critical Warning
Non-clocked sequential cell  
The clock pin diff_encoder_module/buffer/enq_ptr_value_reg[7]/C is not reached by a timing clock
Related violations: <none>

TIMING-17#80 Critical Warning
Non-clocked sequential cell  
The clock pin diff_encoder_module/buffer/enq_ptr_value_reg[8]/C is not reached by a timing clock
Related violations: <none>

TIMING-17#81 Critical Warning
Non-clocked sequential cell  
The clock pin diff_encoder_module/buffer/enq_ptr_value_reg[9]/C is not reached by a timing clock
Related violations: <none>

TIMING-17#82 Critical Warning
Non-clocked sequential cell  
The clock pin diff_encoder_module/buffer/maybe_full_reg/C is not reached by a timing clock
Related violations: <none>

TIMING-17#83 Critical Warning
Non-clocked sequential cell  
The clock pin diff_encoder_module/buffer/ram_reg_0_63_0_2/RAMA/CLK is not reached by a timing clock
Related violations: <none>

TIMING-17#84 Critical Warning
Non-clocked sequential cell  
The clock pin diff_encoder_module/buffer/ram_reg_0_63_0_2/RAMB/CLK is not reached by a timing clock
Related violations: <none>

TIMING-17#85 Critical Warning
Non-clocked sequential cell  
The clock pin diff_encoder_module/buffer/ram_reg_0_63_0_2/RAMC/CLK is not reached by a timing clock
Related violations: <none>

TIMING-17#86 Critical Warning
Non-clocked sequential cell  
The clock pin diff_encoder_module/buffer/ram_reg_0_63_0_2/RAMD/CLK is not reached by a timing clock
Related violations: <none>

TIMING-17#87 Critical Warning
Non-clocked sequential cell  
The clock pin diff_encoder_module/buffer/ram_reg_0_63_3_5/RAMA/CLK is not reached by a timing clock
Related violations: <none>

TIMING-17#88 Critical Warning
Non-clocked sequential cell  
The clock pin diff_encoder_module/buffer/ram_reg_0_63_3_5/RAMB/CLK is not reached by a timing clock
Related violations: <none>

TIMING-17#89 Critical Warning
Non-clocked sequential cell  
The clock pin diff_encoder_module/buffer/ram_reg_0_63_3_5/RAMC/CLK is not reached by a timing clock
Related violations: <none>

TIMING-17#90 Critical Warning
Non-clocked sequential cell  
The clock pin diff_encoder_module/buffer/ram_reg_0_63_3_5/RAMD/CLK is not reached by a timing clock
Related violations: <none>

TIMING-17#91 Critical Warning
Non-clocked sequential cell  
The clock pin diff_encoder_module/buffer/ram_reg_0_63_6_6/DP/CLK is not reached by a timing clock
Related violations: <none>

TIMING-17#92 Critical Warning
Non-clocked sequential cell  
The clock pin diff_encoder_module/buffer/ram_reg_0_63_6_6/SP/CLK is not reached by a timing clock
Related violations: <none>

TIMING-17#93 Critical Warning
Non-clocked sequential cell  
The clock pin diff_encoder_module/buffer/ram_reg_0_63_7_7/DP/CLK is not reached by a timing clock
Related violations: <none>

TIMING-17#94 Critical Warning
Non-clocked sequential cell  
The clock pin diff_encoder_module/buffer/ram_reg_0_63_7_7/SP/CLK is not reached by a timing clock
Related violations: <none>

TIMING-17#95 Critical Warning
Non-clocked sequential cell  
The clock pin diff_encoder_module/buffer/ram_reg_1024_1087_0_2/RAMA/CLK is not reached by a timing clock
Related violations: <none>

TIMING-17#96 Critical Warning
Non-clocked sequential cell  
The clock pin diff_encoder_module/buffer/ram_reg_1024_1087_0_2/RAMB/CLK is not reached by a timing clock
Related violations: <none>

TIMING-17#97 Critical Warning
Non-clocked sequential cell  
The clock pin diff_encoder_module/buffer/ram_reg_1024_1087_0_2/RAMC/CLK is not reached by a timing clock
Related violations: <none>

TIMING-17#98 Critical Warning
Non-clocked sequential cell  
The clock pin diff_encoder_module/buffer/ram_reg_1024_1087_0_2/RAMD/CLK is not reached by a timing clock
Related violations: <none>

TIMING-17#99 Critical Warning
Non-clocked sequential cell  
The clock pin diff_encoder_module/buffer/ram_reg_1024_1087_3_5/RAMA/CLK is not reached by a timing clock
Related violations: <none>

TIMING-17#100 Critical Warning
Non-clocked sequential cell  
The clock pin diff_encoder_module/buffer/ram_reg_1024_1087_3_5/RAMB/CLK is not reached by a timing clock
Related violations: <none>

TIMING-17#101 Critical Warning
Non-clocked sequential cell  
The clock pin diff_encoder_module/buffer/ram_reg_1024_1087_3_5/RAMC/CLK is not reached by a timing clock
Related violations: <none>

TIMING-17#102 Critical Warning
Non-clocked sequential cell  
The clock pin diff_encoder_module/buffer/ram_reg_1024_1087_3_5/RAMD/CLK is not reached by a timing clock
Related violations: <none>

TIMING-17#103 Critical Warning
Non-clocked sequential cell  
The clock pin diff_encoder_module/buffer/ram_reg_1024_1087_6_6/DP/CLK is not reached by a timing clock
Related violations: <none>

TIMING-17#104 Critical Warning
Non-clocked sequential cell  
The clock pin diff_encoder_module/buffer/ram_reg_1024_1087_6_6/SP/CLK is not reached by a timing clock
Related violations: <none>

TIMING-17#105 Critical Warning
Non-clocked sequential cell  
The clock pin diff_encoder_module/buffer/ram_reg_1024_1087_7_7/DP/CLK is not reached by a timing clock
Related violations: <none>

TIMING-17#106 Critical Warning
Non-clocked sequential cell  
The clock pin diff_encoder_module/buffer/ram_reg_1024_1087_7_7/SP/CLK is not reached by a timing clock
Related violations: <none>

TIMING-17#107 Critical Warning
Non-clocked sequential cell  
The clock pin diff_encoder_module/buffer/ram_reg_128_191_0_2/RAMA/CLK is not reached by a timing clock
Related violations: <none>

TIMING-17#108 Critical Warning
Non-clocked sequential cell  
The clock pin diff_encoder_module/buffer/ram_reg_128_191_0_2/RAMB/CLK is not reached by a timing clock
Related violations: <none>

TIMING-17#109 Critical Warning
Non-clocked sequential cell  
The clock pin diff_encoder_module/buffer/ram_reg_128_191_0_2/RAMC/CLK is not reached by a timing clock
Related violations: <none>

TIMING-17#110 Critical Warning
Non-clocked sequential cell  
The clock pin diff_encoder_module/buffer/ram_reg_128_191_0_2/RAMD/CLK is not reached by a timing clock
Related violations: <none>

TIMING-17#111 Critical Warning
Non-clocked sequential cell  
The clock pin diff_encoder_module/buffer/ram_reg_128_191_3_5/RAMA/CLK is not reached by a timing clock
Related violations: <none>

TIMING-17#112 Critical Warning
Non-clocked sequential cell  
The clock pin diff_encoder_module/buffer/ram_reg_128_191_3_5/RAMB/CLK is not reached by a timing clock
Related violations: <none>

TIMING-17#113 Critical Warning
Non-clocked sequential cell  
The clock pin diff_encoder_module/buffer/ram_reg_128_191_3_5/RAMC/CLK is not reached by a timing clock
Related violations: <none>

TIMING-17#114 Critical Warning
Non-clocked sequential cell  
The clock pin diff_encoder_module/buffer/ram_reg_128_191_3_5/RAMD/CLK is not reached by a timing clock
Related violations: <none>

TIMING-17#115 Critical Warning
Non-clocked sequential cell  
The clock pin diff_encoder_module/buffer/ram_reg_128_191_6_6/DP/CLK is not reached by a timing clock
Related violations: <none>

TIMING-17#116 Critical Warning
Non-clocked sequential cell  
The clock pin diff_encoder_module/buffer/ram_reg_128_191_6_6/SP/CLK is not reached by a timing clock
Related violations: <none>

TIMING-17#117 Critical Warning
Non-clocked sequential cell  
The clock pin diff_encoder_module/buffer/ram_reg_128_191_7_7/DP/CLK is not reached by a timing clock
Related violations: <none>

TIMING-17#118 Critical Warning
Non-clocked sequential cell  
The clock pin diff_encoder_module/buffer/ram_reg_128_191_7_7/SP/CLK is not reached by a timing clock
Related violations: <none>

TIMING-17#119 Critical Warning
Non-clocked sequential cell  
The clock pin diff_encoder_module/buffer/ram_reg_192_255_0_2/RAMA/CLK is not reached by a timing clock
Related violations: <none>

TIMING-17#120 Critical Warning
Non-clocked sequential cell  
The clock pin diff_encoder_module/buffer/ram_reg_192_255_0_2/RAMB/CLK is not reached by a timing clock
Related violations: <none>

TIMING-17#121 Critical Warning
Non-clocked sequential cell  
The clock pin diff_encoder_module/buffer/ram_reg_192_255_0_2/RAMC/CLK is not reached by a timing clock
Related violations: <none>

TIMING-17#122 Critical Warning
Non-clocked sequential cell  
The clock pin diff_encoder_module/buffer/ram_reg_192_255_0_2/RAMD/CLK is not reached by a timing clock
Related violations: <none>

TIMING-17#123 Critical Warning
Non-clocked sequential cell  
The clock pin diff_encoder_module/buffer/ram_reg_192_255_3_5/RAMA/CLK is not reached by a timing clock
Related violations: <none>

TIMING-17#124 Critical Warning
Non-clocked sequential cell  
The clock pin diff_encoder_module/buffer/ram_reg_192_255_3_5/RAMB/CLK is not reached by a timing clock
Related violations: <none>

TIMING-17#125 Critical Warning
Non-clocked sequential cell  
The clock pin diff_encoder_module/buffer/ram_reg_192_255_3_5/RAMC/CLK is not reached by a timing clock
Related violations: <none>

TIMING-17#126 Critical Warning
Non-clocked sequential cell  
The clock pin diff_encoder_module/buffer/ram_reg_192_255_3_5/RAMD/CLK is not reached by a timing clock
Related violations: <none>

TIMING-17#127 Critical Warning
Non-clocked sequential cell  
The clock pin diff_encoder_module/buffer/ram_reg_192_255_6_6/DP/CLK is not reached by a timing clock
Related violations: <none>

TIMING-17#128 Critical Warning
Non-clocked sequential cell  
The clock pin diff_encoder_module/buffer/ram_reg_192_255_6_6/SP/CLK is not reached by a timing clock
Related violations: <none>

TIMING-17#129 Critical Warning
Non-clocked sequential cell  
The clock pin diff_encoder_module/buffer/ram_reg_192_255_7_7/DP/CLK is not reached by a timing clock
Related violations: <none>

TIMING-17#130 Critical Warning
Non-clocked sequential cell  
The clock pin diff_encoder_module/buffer/ram_reg_192_255_7_7/SP/CLK is not reached by a timing clock
Related violations: <none>

TIMING-17#131 Critical Warning
Non-clocked sequential cell  
The clock pin diff_encoder_module/buffer/ram_reg_256_319_0_2/RAMA/CLK is not reached by a timing clock
Related violations: <none>

TIMING-17#132 Critical Warning
Non-clocked sequential cell  
The clock pin diff_encoder_module/buffer/ram_reg_256_319_0_2/RAMB/CLK is not reached by a timing clock
Related violations: <none>

TIMING-17#133 Critical Warning
Non-clocked sequential cell  
The clock pin diff_encoder_module/buffer/ram_reg_256_319_0_2/RAMC/CLK is not reached by a timing clock
Related violations: <none>

TIMING-17#134 Critical Warning
Non-clocked sequential cell  
The clock pin diff_encoder_module/buffer/ram_reg_256_319_0_2/RAMD/CLK is not reached by a timing clock
Related violations: <none>

TIMING-17#135 Critical Warning
Non-clocked sequential cell  
The clock pin diff_encoder_module/buffer/ram_reg_256_319_3_5/RAMA/CLK is not reached by a timing clock
Related violations: <none>

TIMING-17#136 Critical Warning
Non-clocked sequential cell  
The clock pin diff_encoder_module/buffer/ram_reg_256_319_3_5/RAMB/CLK is not reached by a timing clock
Related violations: <none>

TIMING-17#137 Critical Warning
Non-clocked sequential cell  
The clock pin diff_encoder_module/buffer/ram_reg_256_319_3_5/RAMC/CLK is not reached by a timing clock
Related violations: <none>

TIMING-17#138 Critical Warning
Non-clocked sequential cell  
The clock pin diff_encoder_module/buffer/ram_reg_256_319_3_5/RAMD/CLK is not reached by a timing clock
Related violations: <none>

TIMING-17#139 Critical Warning
Non-clocked sequential cell  
The clock pin diff_encoder_module/buffer/ram_reg_256_319_6_6/DP/CLK is not reached by a timing clock
Related violations: <none>

TIMING-17#140 Critical Warning
Non-clocked sequential cell  
The clock pin diff_encoder_module/buffer/ram_reg_256_319_6_6/SP/CLK is not reached by a timing clock
Related violations: <none>

TIMING-17#141 Critical Warning
Non-clocked sequential cell  
The clock pin diff_encoder_module/buffer/ram_reg_256_319_7_7/DP/CLK is not reached by a timing clock
Related violations: <none>

TIMING-17#142 Critical Warning
Non-clocked sequential cell  
The clock pin diff_encoder_module/buffer/ram_reg_256_319_7_7/SP/CLK is not reached by a timing clock
Related violations: <none>

TIMING-17#143 Critical Warning
Non-clocked sequential cell  
The clock pin diff_encoder_module/buffer/ram_reg_320_383_0_2/RAMA/CLK is not reached by a timing clock
Related violations: <none>

TIMING-17#144 Critical Warning
Non-clocked sequential cell  
The clock pin diff_encoder_module/buffer/ram_reg_320_383_0_2/RAMB/CLK is not reached by a timing clock
Related violations: <none>

TIMING-17#145 Critical Warning
Non-clocked sequential cell  
The clock pin diff_encoder_module/buffer/ram_reg_320_383_0_2/RAMC/CLK is not reached by a timing clock
Related violations: <none>

TIMING-17#146 Critical Warning
Non-clocked sequential cell  
The clock pin diff_encoder_module/buffer/ram_reg_320_383_0_2/RAMD/CLK is not reached by a timing clock
Related violations: <none>

TIMING-17#147 Critical Warning
Non-clocked sequential cell  
The clock pin diff_encoder_module/buffer/ram_reg_320_383_3_5/RAMA/CLK is not reached by a timing clock
Related violations: <none>

TIMING-17#148 Critical Warning
Non-clocked sequential cell  
The clock pin diff_encoder_module/buffer/ram_reg_320_383_3_5/RAMB/CLK is not reached by a timing clock
Related violations: <none>

TIMING-17#149 Critical Warning
Non-clocked sequential cell  
The clock pin diff_encoder_module/buffer/ram_reg_320_383_3_5/RAMC/CLK is not reached by a timing clock
Related violations: <none>

TIMING-17#150 Critical Warning
Non-clocked sequential cell  
The clock pin diff_encoder_module/buffer/ram_reg_320_383_3_5/RAMD/CLK is not reached by a timing clock
Related violations: <none>

TIMING-17#151 Critical Warning
Non-clocked sequential cell  
The clock pin diff_encoder_module/buffer/ram_reg_320_383_6_6/DP/CLK is not reached by a timing clock
Related violations: <none>

TIMING-17#152 Critical Warning
Non-clocked sequential cell  
The clock pin diff_encoder_module/buffer/ram_reg_320_383_6_6/SP/CLK is not reached by a timing clock
Related violations: <none>

TIMING-17#153 Critical Warning
Non-clocked sequential cell  
The clock pin diff_encoder_module/buffer/ram_reg_320_383_7_7/DP/CLK is not reached by a timing clock
Related violations: <none>

TIMING-17#154 Critical Warning
Non-clocked sequential cell  
The clock pin diff_encoder_module/buffer/ram_reg_320_383_7_7/SP/CLK is not reached by a timing clock
Related violations: <none>

TIMING-17#155 Critical Warning
Non-clocked sequential cell  
The clock pin diff_encoder_module/buffer/ram_reg_384_447_0_2/RAMA/CLK is not reached by a timing clock
Related violations: <none>

TIMING-17#156 Critical Warning
Non-clocked sequential cell  
The clock pin diff_encoder_module/buffer/ram_reg_384_447_0_2/RAMB/CLK is not reached by a timing clock
Related violations: <none>

TIMING-17#157 Critical Warning
Non-clocked sequential cell  
The clock pin diff_encoder_module/buffer/ram_reg_384_447_0_2/RAMC/CLK is not reached by a timing clock
Related violations: <none>

TIMING-17#158 Critical Warning
Non-clocked sequential cell  
The clock pin diff_encoder_module/buffer/ram_reg_384_447_0_2/RAMD/CLK is not reached by a timing clock
Related violations: <none>

TIMING-17#159 Critical Warning
Non-clocked sequential cell  
The clock pin diff_encoder_module/buffer/ram_reg_384_447_3_5/RAMA/CLK is not reached by a timing clock
Related violations: <none>

TIMING-17#160 Critical Warning
Non-clocked sequential cell  
The clock pin diff_encoder_module/buffer/ram_reg_384_447_3_5/RAMB/CLK is not reached by a timing clock
Related violations: <none>

TIMING-17#161 Critical Warning
Non-clocked sequential cell  
The clock pin diff_encoder_module/buffer/ram_reg_384_447_3_5/RAMC/CLK is not reached by a timing clock
Related violations: <none>

TIMING-17#162 Critical Warning
Non-clocked sequential cell  
The clock pin diff_encoder_module/buffer/ram_reg_384_447_3_5/RAMD/CLK is not reached by a timing clock
Related violations: <none>

TIMING-17#163 Critical Warning
Non-clocked sequential cell  
The clock pin diff_encoder_module/buffer/ram_reg_384_447_6_6/DP/CLK is not reached by a timing clock
Related violations: <none>

TIMING-17#164 Critical Warning
Non-clocked sequential cell  
The clock pin diff_encoder_module/buffer/ram_reg_384_447_6_6/SP/CLK is not reached by a timing clock
Related violations: <none>

TIMING-17#165 Critical Warning
Non-clocked sequential cell  
The clock pin diff_encoder_module/buffer/ram_reg_384_447_7_7/DP/CLK is not reached by a timing clock
Related violations: <none>

TIMING-17#166 Critical Warning
Non-clocked sequential cell  
The clock pin diff_encoder_module/buffer/ram_reg_384_447_7_7/SP/CLK is not reached by a timing clock
Related violations: <none>

TIMING-17#167 Critical Warning
Non-clocked sequential cell  
The clock pin diff_encoder_module/buffer/ram_reg_448_511_0_2/RAMA/CLK is not reached by a timing clock
Related violations: <none>

TIMING-17#168 Critical Warning
Non-clocked sequential cell  
The clock pin diff_encoder_module/buffer/ram_reg_448_511_0_2/RAMB/CLK is not reached by a timing clock
Related violations: <none>

TIMING-17#169 Critical Warning
Non-clocked sequential cell  
The clock pin diff_encoder_module/buffer/ram_reg_448_511_0_2/RAMC/CLK is not reached by a timing clock
Related violations: <none>

TIMING-17#170 Critical Warning
Non-clocked sequential cell  
The clock pin diff_encoder_module/buffer/ram_reg_448_511_0_2/RAMD/CLK is not reached by a timing clock
Related violations: <none>

TIMING-17#171 Critical Warning
Non-clocked sequential cell  
The clock pin diff_encoder_module/buffer/ram_reg_448_511_3_5/RAMA/CLK is not reached by a timing clock
Related violations: <none>

TIMING-17#172 Critical Warning
Non-clocked sequential cell  
The clock pin diff_encoder_module/buffer/ram_reg_448_511_3_5/RAMB/CLK is not reached by a timing clock
Related violations: <none>

TIMING-17#173 Critical Warning
Non-clocked sequential cell  
The clock pin diff_encoder_module/buffer/ram_reg_448_511_3_5/RAMC/CLK is not reached by a timing clock
Related violations: <none>

TIMING-17#174 Critical Warning
Non-clocked sequential cell  
The clock pin diff_encoder_module/buffer/ram_reg_448_511_3_5/RAMD/CLK is not reached by a timing clock
Related violations: <none>

TIMING-17#175 Critical Warning
Non-clocked sequential cell  
The clock pin diff_encoder_module/buffer/ram_reg_448_511_6_6/DP/CLK is not reached by a timing clock
Related violations: <none>

TIMING-17#176 Critical Warning
Non-clocked sequential cell  
The clock pin diff_encoder_module/buffer/ram_reg_448_511_6_6/SP/CLK is not reached by a timing clock
Related violations: <none>

TIMING-17#177 Critical Warning
Non-clocked sequential cell  
The clock pin diff_encoder_module/buffer/ram_reg_448_511_7_7/DP/CLK is not reached by a timing clock
Related violations: <none>

TIMING-17#178 Critical Warning
Non-clocked sequential cell  
The clock pin diff_encoder_module/buffer/ram_reg_448_511_7_7/SP/CLK is not reached by a timing clock
Related violations: <none>

TIMING-17#179 Critical Warning
Non-clocked sequential cell  
The clock pin diff_encoder_module/buffer/ram_reg_512_575_0_2/RAMA/CLK is not reached by a timing clock
Related violations: <none>

TIMING-17#180 Critical Warning
Non-clocked sequential cell  
The clock pin diff_encoder_module/buffer/ram_reg_512_575_0_2/RAMB/CLK is not reached by a timing clock
Related violations: <none>

TIMING-17#181 Critical Warning
Non-clocked sequential cell  
The clock pin diff_encoder_module/buffer/ram_reg_512_575_0_2/RAMC/CLK is not reached by a timing clock
Related violations: <none>

TIMING-17#182 Critical Warning
Non-clocked sequential cell  
The clock pin diff_encoder_module/buffer/ram_reg_512_575_0_2/RAMD/CLK is not reached by a timing clock
Related violations: <none>

TIMING-17#183 Critical Warning
Non-clocked sequential cell  
The clock pin diff_encoder_module/buffer/ram_reg_512_575_3_5/RAMA/CLK is not reached by a timing clock
Related violations: <none>

TIMING-17#184 Critical Warning
Non-clocked sequential cell  
The clock pin diff_encoder_module/buffer/ram_reg_512_575_3_5/RAMB/CLK is not reached by a timing clock
Related violations: <none>

TIMING-17#185 Critical Warning
Non-clocked sequential cell  
The clock pin diff_encoder_module/buffer/ram_reg_512_575_3_5/RAMC/CLK is not reached by a timing clock
Related violations: <none>

TIMING-17#186 Critical Warning
Non-clocked sequential cell  
The clock pin diff_encoder_module/buffer/ram_reg_512_575_3_5/RAMD/CLK is not reached by a timing clock
Related violations: <none>

TIMING-17#187 Critical Warning
Non-clocked sequential cell  
The clock pin diff_encoder_module/buffer/ram_reg_512_575_6_6/DP/CLK is not reached by a timing clock
Related violations: <none>

TIMING-17#188 Critical Warning
Non-clocked sequential cell  
The clock pin diff_encoder_module/buffer/ram_reg_512_575_6_6/SP/CLK is not reached by a timing clock
Related violations: <none>

TIMING-17#189 Critical Warning
Non-clocked sequential cell  
The clock pin diff_encoder_module/buffer/ram_reg_512_575_7_7/DP/CLK is not reached by a timing clock
Related violations: <none>

TIMING-17#190 Critical Warning
Non-clocked sequential cell  
The clock pin diff_encoder_module/buffer/ram_reg_512_575_7_7/SP/CLK is not reached by a timing clock
Related violations: <none>

TIMING-17#191 Critical Warning
Non-clocked sequential cell  
The clock pin diff_encoder_module/buffer/ram_reg_576_639_0_2/RAMA/CLK is not reached by a timing clock
Related violations: <none>

TIMING-17#192 Critical Warning
Non-clocked sequential cell  
The clock pin diff_encoder_module/buffer/ram_reg_576_639_0_2/RAMB/CLK is not reached by a timing clock
Related violations: <none>

TIMING-17#193 Critical Warning
Non-clocked sequential cell  
The clock pin diff_encoder_module/buffer/ram_reg_576_639_0_2/RAMC/CLK is not reached by a timing clock
Related violations: <none>

TIMING-17#194 Critical Warning
Non-clocked sequential cell  
The clock pin diff_encoder_module/buffer/ram_reg_576_639_0_2/RAMD/CLK is not reached by a timing clock
Related violations: <none>

TIMING-17#195 Critical Warning
Non-clocked sequential cell  
The clock pin diff_encoder_module/buffer/ram_reg_576_639_3_5/RAMA/CLK is not reached by a timing clock
Related violations: <none>

TIMING-17#196 Critical Warning
Non-clocked sequential cell  
The clock pin diff_encoder_module/buffer/ram_reg_576_639_3_5/RAMB/CLK is not reached by a timing clock
Related violations: <none>

TIMING-17#197 Critical Warning
Non-clocked sequential cell  
The clock pin diff_encoder_module/buffer/ram_reg_576_639_3_5/RAMC/CLK is not reached by a timing clock
Related violations: <none>

TIMING-17#198 Critical Warning
Non-clocked sequential cell  
The clock pin diff_encoder_module/buffer/ram_reg_576_639_3_5/RAMD/CLK is not reached by a timing clock
Related violations: <none>

TIMING-17#199 Critical Warning
Non-clocked sequential cell  
The clock pin diff_encoder_module/buffer/ram_reg_576_639_6_6/DP/CLK is not reached by a timing clock
Related violations: <none>

TIMING-17#200 Critical Warning
Non-clocked sequential cell  
The clock pin diff_encoder_module/buffer/ram_reg_576_639_6_6/SP/CLK is not reached by a timing clock
Related violations: <none>

TIMING-17#201 Critical Warning
Non-clocked sequential cell  
The clock pin diff_encoder_module/buffer/ram_reg_576_639_7_7/DP/CLK is not reached by a timing clock
Related violations: <none>

TIMING-17#202 Critical Warning
Non-clocked sequential cell  
The clock pin diff_encoder_module/buffer/ram_reg_576_639_7_7/SP/CLK is not reached by a timing clock
Related violations: <none>

TIMING-17#203 Critical Warning
Non-clocked sequential cell  
The clock pin diff_encoder_module/buffer/ram_reg_640_703_0_2/RAMA/CLK is not reached by a timing clock
Related violations: <none>

TIMING-17#204 Critical Warning
Non-clocked sequential cell  
The clock pin diff_encoder_module/buffer/ram_reg_640_703_0_2/RAMB/CLK is not reached by a timing clock
Related violations: <none>

TIMING-17#205 Critical Warning
Non-clocked sequential cell  
The clock pin diff_encoder_module/buffer/ram_reg_640_703_0_2/RAMC/CLK is not reached by a timing clock
Related violations: <none>

TIMING-17#206 Critical Warning
Non-clocked sequential cell  
The clock pin diff_encoder_module/buffer/ram_reg_640_703_0_2/RAMD/CLK is not reached by a timing clock
Related violations: <none>

TIMING-17#207 Critical Warning
Non-clocked sequential cell  
The clock pin diff_encoder_module/buffer/ram_reg_640_703_3_5/RAMA/CLK is not reached by a timing clock
Related violations: <none>

TIMING-17#208 Critical Warning
Non-clocked sequential cell  
The clock pin diff_encoder_module/buffer/ram_reg_640_703_3_5/RAMB/CLK is not reached by a timing clock
Related violations: <none>

TIMING-17#209 Critical Warning
Non-clocked sequential cell  
The clock pin diff_encoder_module/buffer/ram_reg_640_703_3_5/RAMC/CLK is not reached by a timing clock
Related violations: <none>

TIMING-17#210 Critical Warning
Non-clocked sequential cell  
The clock pin diff_encoder_module/buffer/ram_reg_640_703_3_5/RAMD/CLK is not reached by a timing clock
Related violations: <none>

TIMING-17#211 Critical Warning
Non-clocked sequential cell  
The clock pin diff_encoder_module/buffer/ram_reg_640_703_6_6/DP/CLK is not reached by a timing clock
Related violations: <none>

TIMING-17#212 Critical Warning
Non-clocked sequential cell  
The clock pin diff_encoder_module/buffer/ram_reg_640_703_6_6/SP/CLK is not reached by a timing clock
Related violations: <none>

TIMING-17#213 Critical Warning
Non-clocked sequential cell  
The clock pin diff_encoder_module/buffer/ram_reg_640_703_7_7/DP/CLK is not reached by a timing clock
Related violations: <none>

TIMING-17#214 Critical Warning
Non-clocked sequential cell  
The clock pin diff_encoder_module/buffer/ram_reg_640_703_7_7/SP/CLK is not reached by a timing clock
Related violations: <none>

TIMING-17#215 Critical Warning
Non-clocked sequential cell  
The clock pin diff_encoder_module/buffer/ram_reg_64_127_0_2/RAMA/CLK is not reached by a timing clock
Related violations: <none>

TIMING-17#216 Critical Warning
Non-clocked sequential cell  
The clock pin diff_encoder_module/buffer/ram_reg_64_127_0_2/RAMB/CLK is not reached by a timing clock
Related violations: <none>

TIMING-17#217 Critical Warning
Non-clocked sequential cell  
The clock pin diff_encoder_module/buffer/ram_reg_64_127_0_2/RAMC/CLK is not reached by a timing clock
Related violations: <none>

TIMING-17#218 Critical Warning
Non-clocked sequential cell  
The clock pin diff_encoder_module/buffer/ram_reg_64_127_0_2/RAMD/CLK is not reached by a timing clock
Related violations: <none>

TIMING-17#219 Critical Warning
Non-clocked sequential cell  
The clock pin diff_encoder_module/buffer/ram_reg_64_127_3_5/RAMA/CLK is not reached by a timing clock
Related violations: <none>

TIMING-17#220 Critical Warning
Non-clocked sequential cell  
The clock pin diff_encoder_module/buffer/ram_reg_64_127_3_5/RAMB/CLK is not reached by a timing clock
Related violations: <none>

TIMING-17#221 Critical Warning
Non-clocked sequential cell  
The clock pin diff_encoder_module/buffer/ram_reg_64_127_3_5/RAMC/CLK is not reached by a timing clock
Related violations: <none>

TIMING-17#222 Critical Warning
Non-clocked sequential cell  
The clock pin diff_encoder_module/buffer/ram_reg_64_127_3_5/RAMD/CLK is not reached by a timing clock
Related violations: <none>

TIMING-17#223 Critical Warning
Non-clocked sequential cell  
The clock pin diff_encoder_module/buffer/ram_reg_64_127_6_6/DP/CLK is not reached by a timing clock
Related violations: <none>

TIMING-17#224 Critical Warning
Non-clocked sequential cell  
The clock pin diff_encoder_module/buffer/ram_reg_64_127_6_6/SP/CLK is not reached by a timing clock
Related violations: <none>

TIMING-17#225 Critical Warning
Non-clocked sequential cell  
The clock pin diff_encoder_module/buffer/ram_reg_64_127_7_7/DP/CLK is not reached by a timing clock
Related violations: <none>

TIMING-17#226 Critical Warning
Non-clocked sequential cell  
The clock pin diff_encoder_module/buffer/ram_reg_64_127_7_7/SP/CLK is not reached by a timing clock
Related violations: <none>

TIMING-17#227 Critical Warning
Non-clocked sequential cell  
The clock pin diff_encoder_module/buffer/ram_reg_704_767_0_2/RAMA/CLK is not reached by a timing clock
Related violations: <none>

TIMING-17#228 Critical Warning
Non-clocked sequential cell  
The clock pin diff_encoder_module/buffer/ram_reg_704_767_0_2/RAMB/CLK is not reached by a timing clock
Related violations: <none>

TIMING-17#229 Critical Warning
Non-clocked sequential cell  
The clock pin diff_encoder_module/buffer/ram_reg_704_767_0_2/RAMC/CLK is not reached by a timing clock
Related violations: <none>

TIMING-17#230 Critical Warning
Non-clocked sequential cell  
The clock pin diff_encoder_module/buffer/ram_reg_704_767_0_2/RAMD/CLK is not reached by a timing clock
Related violations: <none>

TIMING-17#231 Critical Warning
Non-clocked sequential cell  
The clock pin diff_encoder_module/buffer/ram_reg_704_767_3_5/RAMA/CLK is not reached by a timing clock
Related violations: <none>

TIMING-17#232 Critical Warning
Non-clocked sequential cell  
The clock pin diff_encoder_module/buffer/ram_reg_704_767_3_5/RAMB/CLK is not reached by a timing clock
Related violations: <none>

TIMING-17#233 Critical Warning
Non-clocked sequential cell  
The clock pin diff_encoder_module/buffer/ram_reg_704_767_3_5/RAMC/CLK is not reached by a timing clock
Related violations: <none>

TIMING-17#234 Critical Warning
Non-clocked sequential cell  
The clock pin diff_encoder_module/buffer/ram_reg_704_767_3_5/RAMD/CLK is not reached by a timing clock
Related violations: <none>

TIMING-17#235 Critical Warning
Non-clocked sequential cell  
The clock pin diff_encoder_module/buffer/ram_reg_704_767_6_6/DP/CLK is not reached by a timing clock
Related violations: <none>

TIMING-17#236 Critical Warning
Non-clocked sequential cell  
The clock pin diff_encoder_module/buffer/ram_reg_704_767_6_6/SP/CLK is not reached by a timing clock
Related violations: <none>

TIMING-17#237 Critical Warning
Non-clocked sequential cell  
The clock pin diff_encoder_module/buffer/ram_reg_704_767_7_7/DP/CLK is not reached by a timing clock
Related violations: <none>

TIMING-17#238 Critical Warning
Non-clocked sequential cell  
The clock pin diff_encoder_module/buffer/ram_reg_704_767_7_7/SP/CLK is not reached by a timing clock
Related violations: <none>

TIMING-17#239 Critical Warning
Non-clocked sequential cell  
The clock pin diff_encoder_module/buffer/ram_reg_768_831_0_2/RAMA/CLK is not reached by a timing clock
Related violations: <none>

TIMING-17#240 Critical Warning
Non-clocked sequential cell  
The clock pin diff_encoder_module/buffer/ram_reg_768_831_0_2/RAMB/CLK is not reached by a timing clock
Related violations: <none>

TIMING-17#241 Critical Warning
Non-clocked sequential cell  
The clock pin diff_encoder_module/buffer/ram_reg_768_831_0_2/RAMC/CLK is not reached by a timing clock
Related violations: <none>

TIMING-17#242 Critical Warning
Non-clocked sequential cell  
The clock pin diff_encoder_module/buffer/ram_reg_768_831_0_2/RAMD/CLK is not reached by a timing clock
Related violations: <none>

TIMING-17#243 Critical Warning
Non-clocked sequential cell  
The clock pin diff_encoder_module/buffer/ram_reg_768_831_3_5/RAMA/CLK is not reached by a timing clock
Related violations: <none>

TIMING-17#244 Critical Warning
Non-clocked sequential cell  
The clock pin diff_encoder_module/buffer/ram_reg_768_831_3_5/RAMB/CLK is not reached by a timing clock
Related violations: <none>

TIMING-17#245 Critical Warning
Non-clocked sequential cell  
The clock pin diff_encoder_module/buffer/ram_reg_768_831_3_5/RAMC/CLK is not reached by a timing clock
Related violations: <none>

TIMING-17#246 Critical Warning
Non-clocked sequential cell  
The clock pin diff_encoder_module/buffer/ram_reg_768_831_3_5/RAMD/CLK is not reached by a timing clock
Related violations: <none>

TIMING-17#247 Critical Warning
Non-clocked sequential cell  
The clock pin diff_encoder_module/buffer/ram_reg_768_831_6_6/DP/CLK is not reached by a timing clock
Related violations: <none>

TIMING-17#248 Critical Warning
Non-clocked sequential cell  
The clock pin diff_encoder_module/buffer/ram_reg_768_831_6_6/SP/CLK is not reached by a timing clock
Related violations: <none>

TIMING-17#249 Critical Warning
Non-clocked sequential cell  
The clock pin diff_encoder_module/buffer/ram_reg_768_831_7_7/DP/CLK is not reached by a timing clock
Related violations: <none>

TIMING-17#250 Critical Warning
Non-clocked sequential cell  
The clock pin diff_encoder_module/buffer/ram_reg_768_831_7_7/SP/CLK is not reached by a timing clock
Related violations: <none>

TIMING-17#251 Critical Warning
Non-clocked sequential cell  
The clock pin diff_encoder_module/buffer/ram_reg_832_895_0_2/RAMA/CLK is not reached by a timing clock
Related violations: <none>

TIMING-17#252 Critical Warning
Non-clocked sequential cell  
The clock pin diff_encoder_module/buffer/ram_reg_832_895_0_2/RAMB/CLK is not reached by a timing clock
Related violations: <none>

TIMING-17#253 Critical Warning
Non-clocked sequential cell  
The clock pin diff_encoder_module/buffer/ram_reg_832_895_0_2/RAMC/CLK is not reached by a timing clock
Related violations: <none>

TIMING-17#254 Critical Warning
Non-clocked sequential cell  
The clock pin diff_encoder_module/buffer/ram_reg_832_895_0_2/RAMD/CLK is not reached by a timing clock
Related violations: <none>

TIMING-17#255 Critical Warning
Non-clocked sequential cell  
The clock pin diff_encoder_module/buffer/ram_reg_832_895_3_5/RAMA/CLK is not reached by a timing clock
Related violations: <none>

TIMING-17#256 Critical Warning
Non-clocked sequential cell  
The clock pin diff_encoder_module/buffer/ram_reg_832_895_3_5/RAMB/CLK is not reached by a timing clock
Related violations: <none>

TIMING-17#257 Critical Warning
Non-clocked sequential cell  
The clock pin diff_encoder_module/buffer/ram_reg_832_895_3_5/RAMC/CLK is not reached by a timing clock
Related violations: <none>

TIMING-17#258 Critical Warning
Non-clocked sequential cell  
The clock pin diff_encoder_module/buffer/ram_reg_832_895_3_5/RAMD/CLK is not reached by a timing clock
Related violations: <none>

TIMING-17#259 Critical Warning
Non-clocked sequential cell  
The clock pin diff_encoder_module/buffer/ram_reg_832_895_6_6/DP/CLK is not reached by a timing clock
Related violations: <none>

TIMING-17#260 Critical Warning
Non-clocked sequential cell  
The clock pin diff_encoder_module/buffer/ram_reg_832_895_6_6/SP/CLK is not reached by a timing clock
Related violations: <none>

TIMING-17#261 Critical Warning
Non-clocked sequential cell  
The clock pin diff_encoder_module/buffer/ram_reg_832_895_7_7/DP/CLK is not reached by a timing clock
Related violations: <none>

TIMING-17#262 Critical Warning
Non-clocked sequential cell  
The clock pin diff_encoder_module/buffer/ram_reg_832_895_7_7/SP/CLK is not reached by a timing clock
Related violations: <none>

TIMING-17#263 Critical Warning
Non-clocked sequential cell  
The clock pin diff_encoder_module/buffer/ram_reg_896_959_0_2/RAMA/CLK is not reached by a timing clock
Related violations: <none>

TIMING-17#264 Critical Warning
Non-clocked sequential cell  
The clock pin diff_encoder_module/buffer/ram_reg_896_959_0_2/RAMB/CLK is not reached by a timing clock
Related violations: <none>

TIMING-17#265 Critical Warning
Non-clocked sequential cell  
The clock pin diff_encoder_module/buffer/ram_reg_896_959_0_2/RAMC/CLK is not reached by a timing clock
Related violations: <none>

TIMING-17#266 Critical Warning
Non-clocked sequential cell  
The clock pin diff_encoder_module/buffer/ram_reg_896_959_0_2/RAMD/CLK is not reached by a timing clock
Related violations: <none>

TIMING-17#267 Critical Warning
Non-clocked sequential cell  
The clock pin diff_encoder_module/buffer/ram_reg_896_959_3_5/RAMA/CLK is not reached by a timing clock
Related violations: <none>

TIMING-17#268 Critical Warning
Non-clocked sequential cell  
The clock pin diff_encoder_module/buffer/ram_reg_896_959_3_5/RAMB/CLK is not reached by a timing clock
Related violations: <none>

TIMING-17#269 Critical Warning
Non-clocked sequential cell  
The clock pin diff_encoder_module/buffer/ram_reg_896_959_3_5/RAMC/CLK is not reached by a timing clock
Related violations: <none>

TIMING-17#270 Critical Warning
Non-clocked sequential cell  
The clock pin diff_encoder_module/buffer/ram_reg_896_959_3_5/RAMD/CLK is not reached by a timing clock
Related violations: <none>

TIMING-17#271 Critical Warning
Non-clocked sequential cell  
The clock pin diff_encoder_module/buffer/ram_reg_896_959_6_6/DP/CLK is not reached by a timing clock
Related violations: <none>

TIMING-17#272 Critical Warning
Non-clocked sequential cell  
The clock pin diff_encoder_module/buffer/ram_reg_896_959_6_6/SP/CLK is not reached by a timing clock
Related violations: <none>

TIMING-17#273 Critical Warning
Non-clocked sequential cell  
The clock pin diff_encoder_module/buffer/ram_reg_896_959_7_7/DP/CLK is not reached by a timing clock
Related violations: <none>

TIMING-17#274 Critical Warning
Non-clocked sequential cell  
The clock pin diff_encoder_module/buffer/ram_reg_896_959_7_7/SP/CLK is not reached by a timing clock
Related violations: <none>

TIMING-17#275 Critical Warning
Non-clocked sequential cell  
The clock pin diff_encoder_module/buffer/ram_reg_960_1023_0_2/RAMA/CLK is not reached by a timing clock
Related violations: <none>

TIMING-17#276 Critical Warning
Non-clocked sequential cell  
The clock pin diff_encoder_module/buffer/ram_reg_960_1023_0_2/RAMB/CLK is not reached by a timing clock
Related violations: <none>

TIMING-17#277 Critical Warning
Non-clocked sequential cell  
The clock pin diff_encoder_module/buffer/ram_reg_960_1023_0_2/RAMC/CLK is not reached by a timing clock
Related violations: <none>

TIMING-17#278 Critical Warning
Non-clocked sequential cell  
The clock pin diff_encoder_module/buffer/ram_reg_960_1023_0_2/RAMD/CLK is not reached by a timing clock
Related violations: <none>

TIMING-17#279 Critical Warning
Non-clocked sequential cell  
The clock pin diff_encoder_module/buffer/ram_reg_960_1023_3_5/RAMA/CLK is not reached by a timing clock
Related violations: <none>

TIMING-17#280 Critical Warning
Non-clocked sequential cell  
The clock pin diff_encoder_module/buffer/ram_reg_960_1023_3_5/RAMB/CLK is not reached by a timing clock
Related violations: <none>

TIMING-17#281 Critical Warning
Non-clocked sequential cell  
The clock pin diff_encoder_module/buffer/ram_reg_960_1023_3_5/RAMC/CLK is not reached by a timing clock
Related violations: <none>

TIMING-17#282 Critical Warning
Non-clocked sequential cell  
The clock pin diff_encoder_module/buffer/ram_reg_960_1023_3_5/RAMD/CLK is not reached by a timing clock
Related violations: <none>

TIMING-17#283 Critical Warning
Non-clocked sequential cell  
The clock pin diff_encoder_module/buffer/ram_reg_960_1023_6_6/DP/CLK is not reached by a timing clock
Related violations: <none>

TIMING-17#284 Critical Warning
Non-clocked sequential cell  
The clock pin diff_encoder_module/buffer/ram_reg_960_1023_6_6/SP/CLK is not reached by a timing clock
Related violations: <none>

TIMING-17#285 Critical Warning
Non-clocked sequential cell  
The clock pin diff_encoder_module/buffer/ram_reg_960_1023_7_7/DP/CLK is not reached by a timing clock
Related violations: <none>

TIMING-17#286 Critical Warning
Non-clocked sequential cell  
The clock pin diff_encoder_module/buffer/ram_reg_960_1023_7_7/SP/CLK is not reached by a timing clock
Related violations: <none>

TIMING-17#287 Critical Warning
Non-clocked sequential cell  
The clock pin diff_encoder_module/counter_reg[0]/C is not reached by a timing clock
Related violations: <none>

TIMING-17#288 Critical Warning
Non-clocked sequential cell  
The clock pin diff_encoder_module/counter_reg[10]/C is not reached by a timing clock
Related violations: <none>

TIMING-17#289 Critical Warning
Non-clocked sequential cell  
The clock pin diff_encoder_module/counter_reg[1]/C is not reached by a timing clock
Related violations: <none>

TIMING-17#290 Critical Warning
Non-clocked sequential cell  
The clock pin diff_encoder_module/counter_reg[2]/C is not reached by a timing clock
Related violations: <none>

TIMING-17#291 Critical Warning
Non-clocked sequential cell  
The clock pin diff_encoder_module/counter_reg[3]/C is not reached by a timing clock
Related violations: <none>

TIMING-17#292 Critical Warning
Non-clocked sequential cell  
The clock pin diff_encoder_module/counter_reg[4]/C is not reached by a timing clock
Related violations: <none>

TIMING-17#293 Critical Warning
Non-clocked sequential cell  
The clock pin diff_encoder_module/counter_reg[5]/C is not reached by a timing clock
Related violations: <none>

TIMING-17#294 Critical Warning
Non-clocked sequential cell  
The clock pin diff_encoder_module/counter_reg[6]/C is not reached by a timing clock
Related violations: <none>

TIMING-17#295 Critical Warning
Non-clocked sequential cell  
The clock pin diff_encoder_module/counter_reg[7]/C is not reached by a timing clock
Related violations: <none>

TIMING-17#296 Critical Warning
Non-clocked sequential cell  
The clock pin diff_encoder_module/counter_reg[8]/C is not reached by a timing clock
Related violations: <none>

TIMING-17#297 Critical Warning
Non-clocked sequential cell  
The clock pin diff_encoder_module/counter_reg[9]/C is not reached by a timing clock
Related violations: <none>


